<?xml version="1.0" encoding="UTF-8"?>
<testsuite name="domain.data.InMemoryTransaksiStorageTest" tests="3" skipped="0" failures="0" errors="0" timestamp="2020-05-23T09:36:01" hostname="DESKTOP-E7A0GPM" time="0.009">
  <properties/>
  <testcase name="storePinjamanWithExistingIdShouldMutateExistingRecord" classname="domain.data.InMemoryTransaksiStorageTest" time="0.009"/>
  <testcase name="storePinjamanWithNotExistingIdShouldThrowError" classname="domain.data.InMemoryTransaksiStorageTest" time="0.0"/>
  <testcase name="storePinjaman" classname="domain.data.InMemoryTransaksiStorageTest" time="0.0"/>
  <system-out><![CDATA[]]></system-out>
  <system-err><![CDATA[]]></system-err>
</testsuite>
