<?xml version="1.0" encoding="UTF-8"?>
<testsuite name="domain.usecase.TambahDebiturUseCaseInteractorTest" tests="3" skipped="0" failures="0" errors="0" timestamp="2020-05-23T09:36:01" hostname="DESKTOP-E7A0GPM" time="0.001">
  <properties/>
  <testcase name="tambahDebiturWithNonExistingIdShouldPresentError" classname="domain.usecase.TambahDebiturUseCaseInteractorTest" time="0.001"/>
  <testcase name="tambahDebiturShouldPresentSuccess" classname="domain.usecase.TambahDebiturUseCaseInteractorTest" time="0.0"/>
  <testcase name="tambahDebiturShouldStoreData" classname="domain.usecase.TambahDebiturUseCaseInteractorTest" time="0.0"/>
  <system-out><![CDATA[]]></system-out>
  <system-err><![CDATA[]]></system-err>
</testsuite>
